[2021-01-22T18:58:38+08:00] Sender.DEBUG: sendType:1
[2021-01-22T18:59:32+08:00] Sender.DEBUG: sendType:1
[2021-01-22T18:59:32+08:00] Sender.DEBUG: send class:pzr\guarder\sender\Mailer
[2021-01-22T19:19:16+08:00] Sender.DEBUG: sendType:1
[2021-01-22T19:19:16+08:00] Sender.DEBUG: send class:pzr\guarder\sender\Mailer
[2021-01-22T19:19:16+08:00] Sender.DEBUG: start sending message...
[2021-01-22T19:24:35+08:00] Sender.DEBUG: sendType:1
[2021-01-22T19:24:35+08:00] Sender.DEBUG: send class:pzr\guarder\sender\Mailer
[2021-01-22T19:24:35+08:00] Sender.DEBUG: start sending message...
[2021-01-22T19:26:11+08:00] Sender.DEBUG: sendType:1
[2021-01-22T19:26:11+08:00] Sender.DEBUG: send class:pzr\guarder\sender\Mailer
[2021-01-22T19:26:11+08:00] Sender.DEBUG: start sending message...
[2021-01-22T19:27:23+08:00] Sender.DEBUG: sendType:1
[2021-01-22T19:27:23+08:00] Sender.DEBUG: send class:pzr\guarder\sender\Mailer
[2021-01-22T19:27:23+08:00] Sender.DEBUG: start sending message...
[2021-01-22T19:29:05+08:00] Sender.DEBUG: sendType:1
[2021-01-22T19:29:05+08:00] Sender.DEBUG: send class:pzr\guarder\sender\Mailer
[2021-01-22T19:29:05+08:00] Sender.DEBUG: start sending message...
[2021-01-22T19:40:12+08:00] Sender.DEBUG: sendType:1
[2021-01-22T19:40:12+08:00] Sender.DEBUG: send class:pzr\guarder\sender\Mailer
[2021-01-22T19:40:12+08:00] Sender.DEBUG: start sending message...
[2021-01-22T19:41:30+08:00] Sender.DEBUG: sendType:1
[2021-01-22T19:41:30+08:00] Sender.DEBUG: send class:pzr\guarder\sender\Mailer
[2021-01-22T19:41:30+08:00] Sender.DEBUG: start sending message...
[2021-01-22T19:43:43+08:00] Sender.DEBUG: sendType:2
[2021-01-22T19:43:43+08:00] Sender.DEBUG: send class:pzr\guarder\sender\Yunpian
[2021-01-22T19:43:43+08:00] Sender.DEBUG: start sending message...
[2021-01-22T19:44:36+08:00] Sender.DEBUG: sendType:1,2
[2021-01-22T19:44:36+08:00] Sender.DEBUG: send class:pzr\guarder\sender\Mailer
[2021-01-22T19:44:36+08:00] Sender.DEBUG: start sending message...
[2021-01-22T19:44:42+08:00] Sender.DEBUG: send class:pzr\guarder\sender\Yunpian
[2021-01-22T19:44:42+08:00] Sender.DEBUG: start sending message...
